[0.619s] DEBUG:colcon:Command line arguments: ['/usr/bin/colcon', 'build']
[0.619s] DEBUG:colcon:Parsed command line arguments: Namespace(log_base=None, log_level=None, verb_name='build', build_base='build', install_base='install', merge_install=False, symlink_install=<colcon_core.argument_default.BooleanDefaultValue object at 0xffffb32c4520>, test_result_base=None, continue_on_error=False, executor='parallel', parallel_workers=4, event_handlers=None, ignore_user_meta=False, metas=['./colcon.meta'], base_paths=['.'], packages_ignore=None, packages_ignore_regex=None, paths=None, packages_up_to=None, packages_up_to_regex=None, packages_above=None, packages_above_and_dependencies=None, packages_above_depth=None, packages_select_by_dep=None, packages_skip_by_dep=None, packages_skip_up_to=None, packages_select_build_failed=False, packages_skip_build_finished=False, packages_select_test_failures=False, packages_skip_test_passed=False, packages_select=None, packages_skip=None, packages_select_regex=None, packages_skip_regex=None, packages_start=None, packages_end=None, allow_overriding=[], cmake_args=['-DCMAKE_EXPORT_COMPILE_COMMANDS=ON', '-DCMAKE_BUILD_TYPE=RelWithDebInfo'], cmake_target=None, cmake_target_skip_unavailable=False, cmake_clean_cache=False, cmake_clean_first=False, cmake_force_configure=False, ament_cmake_args=None, catkin_cmake_args=None, catkin_skip_building_tests=False, verb_parser=<colcon_defaults.argument_parser.defaults.DefaultArgumentsDecorator object at 0xffffb21cf5b0>, verb_extension=<colcon_core.verb.build.BuildVerb object at 0xffffb26bbac0>, main=<bound method BuildVerb.main of <colcon_core.verb.build.BuildVerb object at 0xffffb26bbac0>>)
[0.652s] Level 1:colcon.colcon_core.package_discovery:discover_packages(colcon_meta) check parameters
[0.652s] Level 1:colcon.colcon_core.package_discovery:discover_packages(recursive) check parameters
[0.652s] Level 1:colcon.colcon_core.package_discovery:discover_packages(ignore) check parameters
[0.652s] Level 1:colcon.colcon_core.package_discovery:discover_packages(path) check parameters
[0.652s] Level 1:colcon.colcon_core.package_discovery:discover_packages(colcon_meta) discover
[0.652s] Level 1:colcon.colcon_core.package_discovery:discover_packages(recursive) discover
[0.652s] INFO:colcon.colcon_core.package_discovery:Crawling recursively for packages in '/home/ndelurgio/autonomy_ws/src/autonomy_repo'
[0.652s] Level 1:colcon.colcon_core.package_identification:_identify(.) by extensions ['ignore', 'ignore_ament_install']
[0.652s] Level 1:colcon.colcon_core.package_identification:_identify(.) by extension 'ignore'
[0.652s] Level 1:colcon.colcon_core.package_identification:_identify(.) by extension 'ignore_ament_install'
[0.652s] Level 1:colcon.colcon_core.package_identification:_identify(.) by extensions ['colcon_pkg']
[0.652s] Level 1:colcon.colcon_core.package_identification:_identify(.) by extension 'colcon_pkg'
[0.652s] Level 1:colcon.colcon_core.package_identification:_identify(.) by extensions ['colcon_meta']
[0.652s] Level 1:colcon.colcon_core.package_identification:_identify(.) by extension 'colcon_meta'
[0.652s] Level 1:colcon.colcon_core.package_identification:_identify(.) by extensions ['ros']
[0.652s] Level 1:colcon.colcon_core.package_identification:_identify(.) by extension 'ros'
[0.662s] DEBUG:colcon.colcon_core.package_identification:Package '.' with type 'ros.ament_cmake' and name 'autonomy_repo'
[0.662s] Level 1:colcon.colcon_core.package_discovery:discover_packages(recursive) using defaults
[0.662s] Level 1:colcon.colcon_core.package_discovery:discover_packages(ignore) discover
[0.662s] Level 1:colcon.colcon_core.package_discovery:discover_packages(ignore) using defaults
[0.662s] Level 1:colcon.colcon_core.package_discovery:discover_packages(path) discover
[0.662s] Level 1:colcon.colcon_core.package_discovery:discover_packages(path) using defaults
[0.711s] Level 1:colcon.colcon_core.package_discovery:discover_packages(prefix_path) check parameters
[0.711s] Level 1:colcon.colcon_core.package_discovery:discover_packages(prefix_path) discover
[0.732s] DEBUG:colcon.colcon_installed_package_information.package_discovery:Found 17 installed packages in /home/ndelurgio/tb_ws/install
[0.739s] DEBUG:colcon.colcon_installed_package_information.package_discovery:Found 236 installed packages in /opt/ros/humble
[0.740s] Level 1:colcon.colcon_core.package_discovery:discover_packages(prefix_path) using defaults
[0.834s] Level 5:colcon.colcon_core.verb:set package 'autonomy_repo' build argument 'cmake_args' from command line to '['-DCMAKE_EXPORT_COMPILE_COMMANDS=ON', '-DCMAKE_BUILD_TYPE=RelWithDebInfo']'
[0.834s] Level 5:colcon.colcon_core.verb:set package 'autonomy_repo' build argument 'cmake_target' from command line to 'None'
[0.834s] Level 5:colcon.colcon_core.verb:set package 'autonomy_repo' build argument 'cmake_target_skip_unavailable' from command line to 'False'
[0.834s] Level 5:colcon.colcon_core.verb:set package 'autonomy_repo' build argument 'cmake_clean_cache' from command line to 'False'
[0.834s] Level 5:colcon.colcon_core.verb:set package 'autonomy_repo' build argument 'cmake_clean_first' from command line to 'False'
[0.834s] Level 5:colcon.colcon_core.verb:set package 'autonomy_repo' build argument 'cmake_force_configure' from command line to 'False'
[0.834s] Level 5:colcon.colcon_core.verb:set package 'autonomy_repo' build argument 'ament_cmake_args' from command line to 'None'
[0.834s] Level 5:colcon.colcon_core.verb:set package 'autonomy_repo' build argument 'catkin_cmake_args' from command line to 'None'
[0.834s] Level 5:colcon.colcon_core.verb:set package 'autonomy_repo' build argument 'catkin_skip_building_tests' from command line to 'False'
[0.834s] DEBUG:colcon.colcon_core.verb:Building package 'autonomy_repo' with the following arguments: {'ament_cmake_args': None, 'build_base': '/home/ndelurgio/autonomy_ws/src/autonomy_repo/build/autonomy_repo', 'catkin_cmake_args': None, 'catkin_skip_building_tests': False, 'cmake_args': ['-DCMAKE_EXPORT_COMPILE_COMMANDS=ON', '-DCMAKE_BUILD_TYPE=RelWithDebInfo'], 'cmake_clean_cache': False, 'cmake_clean_first': False, 'cmake_force_configure': False, 'cmake_target': None, 'cmake_target_skip_unavailable': False, 'install_base': '/home/ndelurgio/autonomy_ws/src/autonomy_repo/install/autonomy_repo', 'merge_install': False, 'path': '/home/ndelurgio/autonomy_ws/src/autonomy_repo', 'symlink_install': <colcon_core.argument_default.BooleanDefaultValue object at 0xffffb32c4520>, 'test_result_base': None}
[0.840s] INFO:colcon.colcon_core.executor:Executing jobs using 'parallel' executor
[0.847s] DEBUG:colcon.colcon_parallel_executor.executor.parallel:run_until_complete
[0.847s] INFO:colcon.colcon_ros.task.ament_cmake.build:Building ROS package in '/home/ndelurgio/autonomy_ws/src/autonomy_repo' with build type 'ament_cmake'
[0.847s] INFO:colcon.colcon_cmake.task.cmake.build:Building CMake package in '/home/ndelurgio/autonomy_ws/src/autonomy_repo'
[0.861s] INFO:colcon.colcon_core.plugin_system:Skipping extension 'colcon_core.shell.bat': Not used on non-Windows systems
[0.862s] INFO:colcon.colcon_core.shell:Skip shell extension 'powershell' for command environment: Not usable outside of PowerShell
[0.862s] DEBUG:colcon.colcon_core.shell:Skip shell extension 'dsv' for command environment
[0.897s] DEBUG:colcon.colcon_core.event_handler.log_command:Invoking command in '/home/ndelurgio/autonomy_ws/src/autonomy_repo/build/autonomy_repo': CMAKE_PREFIX_PATH=${CMAKE_PREFIX_PATH}:/opt/ros/humble /usr/bin/cmake /home/ndelurgio/autonomy_ws/src/autonomy_repo -DCMAKE_EXPORT_COMPILE_COMMANDS=ON -DCMAKE_BUILD_TYPE=RelWithDebInfo -DAMENT_CMAKE_SYMLINK_INSTALL=1 -DCMAKE_INSTALL_PREFIX=/home/ndelurgio/autonomy_ws/src/autonomy_repo/install/autonomy_repo
[1.133s] DEBUG:colcon.colcon_core.event_handler.log_command:Invoked command in '/home/ndelurgio/autonomy_ws/src/autonomy_repo/build/autonomy_repo' returned '0': CMAKE_PREFIX_PATH=${CMAKE_PREFIX_PATH}:/opt/ros/humble /usr/bin/cmake /home/ndelurgio/autonomy_ws/src/autonomy_repo -DCMAKE_EXPORT_COMPILE_COMMANDS=ON -DCMAKE_BUILD_TYPE=RelWithDebInfo -DAMENT_CMAKE_SYMLINK_INSTALL=1 -DCMAKE_INSTALL_PREFIX=/home/ndelurgio/autonomy_ws/src/autonomy_repo/install/autonomy_repo
[1.134s] DEBUG:colcon.colcon_core.event_handler.log_command:Invoking command in '/home/ndelurgio/autonomy_ws/src/autonomy_repo/build/autonomy_repo': CMAKE_PREFIX_PATH=${CMAKE_PREFIX_PATH}:/opt/ros/humble /usr/bin/cmake --build /home/ndelurgio/autonomy_ws/src/autonomy_repo/build/autonomy_repo -- -j4 -l4
[1.171s] DEBUG:colcon.colcon_core.event_handler.log_command:Invoked command in '/home/ndelurgio/autonomy_ws/src/autonomy_repo/build/autonomy_repo' returned '0': CMAKE_PREFIX_PATH=${CMAKE_PREFIX_PATH}:/opt/ros/humble /usr/bin/cmake --build /home/ndelurgio/autonomy_ws/src/autonomy_repo/build/autonomy_repo -- -j4 -l4
[1.202s] DEBUG:colcon.colcon_core.event_handler.log_command:Invoking command in '/home/ndelurgio/autonomy_ws/src/autonomy_repo/build/autonomy_repo': CMAKE_PREFIX_PATH=${CMAKE_PREFIX_PATH}:/opt/ros/humble /usr/bin/cmake --install /home/ndelurgio/autonomy_ws/src/autonomy_repo/build/autonomy_repo
[1.388s] Level 1:colcon.colcon_core.environment:create_environment_scripts_only(autonomy_repo)
[1.388s] DEBUG:colcon.colcon_core.event_handler.log_command:Invoked command in '/home/ndelurgio/autonomy_ws/src/autonomy_repo/build/autonomy_repo' returned '0': CMAKE_PREFIX_PATH=${CMAKE_PREFIX_PATH}:/opt/ros/humble /usr/bin/cmake --install /home/ndelurgio/autonomy_ws/src/autonomy_repo/build/autonomy_repo
[1.398s] Level 1:colcon.colcon_core.environment:checking '/home/ndelurgio/autonomy_ws/src/autonomy_repo/install/autonomy_repo' for CMake module files
[1.398s] Level 1:colcon.colcon_core.environment:checking '/home/ndelurgio/autonomy_ws/src/autonomy_repo/install/autonomy_repo' for CMake config files
[1.398s] Level 1:colcon.colcon_core.shell:create_environment_hook('autonomy_repo', 'cmake_prefix_path')
[1.405s] INFO:colcon.colcon_core.shell:Creating environment hook '/home/ndelurgio/autonomy_ws/src/autonomy_repo/install/autonomy_repo/share/autonomy_repo/hook/cmake_prefix_path.ps1'
[1.406s] INFO:colcon.colcon_core.shell:Creating environment descriptor '/home/ndelurgio/autonomy_ws/src/autonomy_repo/install/autonomy_repo/share/autonomy_repo/hook/cmake_prefix_path.dsv'
[1.406s] INFO:colcon.colcon_core.shell:Creating environment hook '/home/ndelurgio/autonomy_ws/src/autonomy_repo/install/autonomy_repo/share/autonomy_repo/hook/cmake_prefix_path.sh'
[1.406s] Level 1:colcon.colcon_core.environment:checking '/home/ndelurgio/autonomy_ws/src/autonomy_repo/install/autonomy_repo/lib'
[1.406s] Level 1:colcon.colcon_core.environment:checking '/home/ndelurgio/autonomy_ws/src/autonomy_repo/install/autonomy_repo/bin'
[1.406s] Level 1:colcon.colcon_core.environment:checking '/home/ndelurgio/autonomy_ws/src/autonomy_repo/install/autonomy_repo/lib/pkgconfig/autonomy_repo.pc'
[1.407s] Level 1:colcon.colcon_core.environment:checking '/home/ndelurgio/autonomy_ws/src/autonomy_repo/install/autonomy_repo/lib/python3.10/site-packages'
[1.407s] Level 1:colcon.colcon_core.environment:checking '/home/ndelurgio/autonomy_ws/src/autonomy_repo/install/autonomy_repo/bin'
[1.414s] INFO:colcon.colcon_core.shell:Creating package script '/home/ndelurgio/autonomy_ws/src/autonomy_repo/install/autonomy_repo/share/autonomy_repo/package.ps1'
[1.415s] INFO:colcon.colcon_core.shell:Creating package descriptor '/home/ndelurgio/autonomy_ws/src/autonomy_repo/install/autonomy_repo/share/autonomy_repo/package.dsv'
[1.415s] INFO:colcon.colcon_core.shell:Creating package script '/home/ndelurgio/autonomy_ws/src/autonomy_repo/install/autonomy_repo/share/autonomy_repo/package.sh'
[1.416s] INFO:colcon.colcon_core.shell:Creating package script '/home/ndelurgio/autonomy_ws/src/autonomy_repo/install/autonomy_repo/share/autonomy_repo/package.bash'
[1.416s] INFO:colcon.colcon_core.shell:Creating package script '/home/ndelurgio/autonomy_ws/src/autonomy_repo/install/autonomy_repo/share/autonomy_repo/package.zsh'
[1.416s] Level 1:colcon.colcon_core.environment:create_file_with_runtime_dependencies(/home/ndelurgio/autonomy_ws/src/autonomy_repo/install/autonomy_repo/share/colcon-core/packages/autonomy_repo)
[1.441s] Level 1:colcon.colcon_core.environment:create_environment_scripts_only(autonomy_repo)
[1.448s] Level 1:colcon.colcon_core.environment:checking '/home/ndelurgio/autonomy_ws/src/autonomy_repo/install/autonomy_repo' for CMake module files
[1.449s] Level 1:colcon.colcon_core.environment:checking '/home/ndelurgio/autonomy_ws/src/autonomy_repo/install/autonomy_repo' for CMake config files
[1.449s] Level 1:colcon.colcon_core.shell:create_environment_hook('autonomy_repo', 'cmake_prefix_path')
[1.456s] INFO:colcon.colcon_core.shell:Creating environment hook '/home/ndelurgio/autonomy_ws/src/autonomy_repo/install/autonomy_repo/share/autonomy_repo/hook/cmake_prefix_path.ps1'
[1.456s] INFO:colcon.colcon_core.shell:Creating environment descriptor '/home/ndelurgio/autonomy_ws/src/autonomy_repo/install/autonomy_repo/share/autonomy_repo/hook/cmake_prefix_path.dsv'
[1.456s] INFO:colcon.colcon_core.shell:Creating environment hook '/home/ndelurgio/autonomy_ws/src/autonomy_repo/install/autonomy_repo/share/autonomy_repo/hook/cmake_prefix_path.sh'
[1.457s] Level 1:colcon.colcon_core.environment:checking '/home/ndelurgio/autonomy_ws/src/autonomy_repo/install/autonomy_repo/lib'
[1.457s] Level 1:colcon.colcon_core.environment:checking '/home/ndelurgio/autonomy_ws/src/autonomy_repo/install/autonomy_repo/bin'
[1.457s] Level 1:colcon.colcon_core.environment:checking '/home/ndelurgio/autonomy_ws/src/autonomy_repo/install/autonomy_repo/lib/pkgconfig/autonomy_repo.pc'
[1.457s] Level 1:colcon.colcon_core.environment:checking '/home/ndelurgio/autonomy_ws/src/autonomy_repo/install/autonomy_repo/lib/python3.10/site-packages'
[1.457s] Level 1:colcon.colcon_core.environment:checking '/home/ndelurgio/autonomy_ws/src/autonomy_repo/install/autonomy_repo/bin'
[1.464s] INFO:colcon.colcon_core.shell:Creating package script '/home/ndelurgio/autonomy_ws/src/autonomy_repo/install/autonomy_repo/share/autonomy_repo/package.ps1'
[1.465s] INFO:colcon.colcon_core.shell:Creating package descriptor '/home/ndelurgio/autonomy_ws/src/autonomy_repo/install/autonomy_repo/share/autonomy_repo/package.dsv'
[1.465s] INFO:colcon.colcon_core.shell:Creating package script '/home/ndelurgio/autonomy_ws/src/autonomy_repo/install/autonomy_repo/share/autonomy_repo/package.sh'
[1.465s] INFO:colcon.colcon_core.shell:Creating package script '/home/ndelurgio/autonomy_ws/src/autonomy_repo/install/autonomy_repo/share/autonomy_repo/package.bash'
[1.465s] INFO:colcon.colcon_core.shell:Creating package script '/home/ndelurgio/autonomy_ws/src/autonomy_repo/install/autonomy_repo/share/autonomy_repo/package.zsh'
[1.465s] Level 1:colcon.colcon_core.environment:create_file_with_runtime_dependencies(/home/ndelurgio/autonomy_ws/src/autonomy_repo/install/autonomy_repo/share/colcon-core/packages/autonomy_repo)
[1.466s] DEBUG:colcon.colcon_parallel_executor.executor.parallel:closing loop
[1.466s] DEBUG:colcon.colcon_parallel_executor.executor.parallel:loop closed
[1.466s] DEBUG:colcon.colcon_parallel_executor.executor.parallel:run_until_complete finished with '0'
[1.466s] DEBUG:colcon.colcon_core.event_reactor:joining thread
[1.478s] INFO:colcon.colcon_core.plugin_system:Skipping extension 'colcon_notification.desktop_notification.terminal_notifier': Not used on non-Darwin systems
[1.479s] INFO:colcon.colcon_core.plugin_system:Skipping extension 'colcon_notification.desktop_notification.win32': Not used on non-Windows systems
[1.479s] INFO:colcon.colcon_notification.desktop_notification:Sending desktop notification using 'notify2'
[1.502s] DEBUG:colcon.colcon_core.event_reactor:joined thread
[1.512s] INFO:colcon.colcon_core.shell:Creating prefix script '/home/ndelurgio/autonomy_ws/src/autonomy_repo/install/local_setup.ps1'
[1.512s] INFO:colcon.colcon_core.shell:Creating prefix util module '/home/ndelurgio/autonomy_ws/src/autonomy_repo/install/_local_setup_util_ps1.py'
[1.513s] INFO:colcon.colcon_core.shell:Creating prefix chain script '/home/ndelurgio/autonomy_ws/src/autonomy_repo/install/setup.ps1'
[1.523s] INFO:colcon.colcon_core.shell:Creating prefix script '/home/ndelurgio/autonomy_ws/src/autonomy_repo/install/local_setup.sh'
[1.524s] INFO:colcon.colcon_core.shell:Creating prefix util module '/home/ndelurgio/autonomy_ws/src/autonomy_repo/install/_local_setup_util_sh.py'
[1.524s] INFO:colcon.colcon_core.shell:Creating prefix chain script '/home/ndelurgio/autonomy_ws/src/autonomy_repo/install/setup.sh'
[1.534s] INFO:colcon.colcon_core.shell:Creating prefix script '/home/ndelurgio/autonomy_ws/src/autonomy_repo/install/local_setup.bash'
[1.535s] INFO:colcon.colcon_core.shell:Creating prefix chain script '/home/ndelurgio/autonomy_ws/src/autonomy_repo/install/setup.bash'
[1.544s] INFO:colcon.colcon_core.shell:Creating prefix script '/home/ndelurgio/autonomy_ws/src/autonomy_repo/install/local_setup.zsh'
[1.545s] INFO:colcon.colcon_core.shell:Creating prefix chain script '/home/ndelurgio/autonomy_ws/src/autonomy_repo/install/setup.zsh'
