[0.041s] Invoking command in '/home/ndelurgio/autonomy_ws/src/autonomy_repo/build/autonomy_repo': CMAKE_PREFIX_PATH=${CMAKE_PREFIX_PATH}:/opt/ros/humble /usr/bin/cmake /home/ndelurgio/autonomy_ws/src/autonomy_repo -DCMAKE_INSTALL_PREFIX=/home/ndelurgio/autonomy_ws/src/autonomy_repo/install/autonomy_repo
[0.205s] -- The C compiler identification is GNU 11.4.0
[0.268s] -- The CXX compiler identification is GNU 11.4.0
[0.279s] -- Detecting C compiler ABI info
[0.371s] -- Detecting C compiler ABI info - done
[0.376s] -- Check for working C compiler: /usr/bin/cc - skipped
[0.377s] -- Detecting C compile features
[0.377s] -- Detecting C compile features - done
[0.380s] -- Detecting CXX compiler ABI info
[0.448s] -- Detecting CXX compiler ABI info - done
[0.453s] -- Check for working CXX compiler: /usr/bin/c++ - skipped
[0.453s] -- Detecting CXX compile features
[0.454s] -- Detecting CXX compile features - done
[0.460s] -- Found ament_cmake: 1.3.5 (/opt/ros/humble/share/ament_cmake/cmake)
[0.597s] -- Found Python3: /usr/bin/python3.10 (found version "3.10.12") found components: Interpreter 
[0.672s] -- Found ament_lint_auto: 0.12.8 (/opt/ros/humble/share/ament_lint_auto/cmake)
[0.731s] -- Added test 'cppcheck' to perform static code analysis on C / C++ code
[0.731s] -- Configured cppcheck include dirs: 
[0.732s] -- Configured cppcheck exclude dirs and/or files: 
[0.734s] -- Added test 'flake8' to check Python code syntax and style conventions
[0.735s] -- Added test 'lint_cmake' to check CMake code style
[0.736s] -- Added test 'pep257' to check Python code against some of the docstring style conventions in PEP 257
[0.739s] -- Added test 'uncrustify' to check C / C++ code style
[0.739s] -- Configured uncrustify additional arguments: 
[0.740s] -- Added test 'xmllint' to check XML markup files
[0.742s] -- Configuring done
[0.744s] -- Generating done
[0.745s] -- Build files have been written to: /home/ndelurgio/autonomy_ws/src/autonomy_repo/build/autonomy_repo
[0.750s] Invoked command in '/home/ndelurgio/autonomy_ws/src/autonomy_repo/build/autonomy_repo' returned '0': CMAKE_PREFIX_PATH=${CMAKE_PREFIX_PATH}:/opt/ros/humble /usr/bin/cmake /home/ndelurgio/autonomy_ws/src/autonomy_repo -DCMAKE_INSTALL_PREFIX=/home/ndelurgio/autonomy_ws/src/autonomy_repo/install/autonomy_repo
[0.751s] Invoking command in '/home/ndelurgio/autonomy_ws/src/autonomy_repo/build/autonomy_repo': CMAKE_PREFIX_PATH=${CMAKE_PREFIX_PATH}:/opt/ros/humble /usr/bin/cmake --build /home/ndelurgio/autonomy_ws/src/autonomy_repo/build/autonomy_repo -- -j4 -l4
[0.782s] Invoked command in '/home/ndelurgio/autonomy_ws/src/autonomy_repo/build/autonomy_repo' returned '0': CMAKE_PREFIX_PATH=${CMAKE_PREFIX_PATH}:/opt/ros/humble /usr/bin/cmake --build /home/ndelurgio/autonomy_ws/src/autonomy_repo/build/autonomy_repo -- -j4 -l4
[0.812s] Invoking command in '/home/ndelurgio/autonomy_ws/src/autonomy_repo/build/autonomy_repo': CMAKE_PREFIX_PATH=${CMAKE_PREFIX_PATH}:/opt/ros/humble /usr/bin/cmake --install /home/ndelurgio/autonomy_ws/src/autonomy_repo/build/autonomy_repo
[0.819s] -- Install configuration: ""
[0.819s] -- Installing: /home/ndelurgio/autonomy_ws/src/autonomy_repo/install/autonomy_repo/lib/autonomy_repo/heading_controller.py
[0.820s] -- Installing: /home/ndelurgio/autonomy_ws/src/autonomy_repo/install/autonomy_repo/lib/autonomy_repo/p3_plot.py
[0.820s] -- Installing: /home/ndelurgio/autonomy_ws/src/autonomy_repo/install/autonomy_repo/share/autonomy_repo/launch
[0.820s] -- Installing: /home/ndelurgio/autonomy_ws/src/autonomy_repo/install/autonomy_repo/share/autonomy_repo/launch/heading_control.launch.py
[0.820s] -- Installing: /home/ndelurgio/autonomy_ws/src/autonomy_repo/install/autonomy_repo/share/autonomy_repo/rviz
[0.820s] -- Installing: /home/ndelurgio/autonomy_ws/src/autonomy_repo/install/autonomy_repo/share/autonomy_repo/rviz/default.rviz
[0.821s] -- Installing: /home/ndelurgio/autonomy_ws/src/autonomy_repo/install/autonomy_repo/share/ament_index/resource_index/package_run_dependencies/autonomy_repo
[0.821s] -- Installing: /home/ndelurgio/autonomy_ws/src/autonomy_repo/install/autonomy_repo/share/ament_index/resource_index/parent_prefix_path/autonomy_repo
[0.821s] -- Installing: /home/ndelurgio/autonomy_ws/src/autonomy_repo/install/autonomy_repo/share/autonomy_repo/environment/ament_prefix_path.sh
[0.821s] -- Installing: /home/ndelurgio/autonomy_ws/src/autonomy_repo/install/autonomy_repo/share/autonomy_repo/environment/ament_prefix_path.dsv
[0.821s] -- Installing: /home/ndelurgio/autonomy_ws/src/autonomy_repo/install/autonomy_repo/share/autonomy_repo/environment/path.sh
[0.821s] -- Installing: /home/ndelurgio/autonomy_ws/src/autonomy_repo/install/autonomy_repo/share/autonomy_repo/environment/path.dsv
[0.821s] -- Installing: /home/ndelurgio/autonomy_ws/src/autonomy_repo/install/autonomy_repo/share/autonomy_repo/local_setup.bash
[0.821s] -- Installing: /home/ndelurgio/autonomy_ws/src/autonomy_repo/install/autonomy_repo/share/autonomy_repo/local_setup.sh
[0.821s] -- Installing: /home/ndelurgio/autonomy_ws/src/autonomy_repo/install/autonomy_repo/share/autonomy_repo/local_setup.zsh
[0.821s] -- Installing: /home/ndelurgio/autonomy_ws/src/autonomy_repo/install/autonomy_repo/share/autonomy_repo/local_setup.dsv
[0.821s] -- Installing: /home/ndelurgio/autonomy_ws/src/autonomy_repo/install/autonomy_repo/share/autonomy_repo/package.dsv
[0.822s] -- Installing: /home/ndelurgio/autonomy_ws/src/autonomy_repo/install/autonomy_repo/share/ament_index/resource_index/packages/autonomy_repo
[0.822s] -- Installing: /home/ndelurgio/autonomy_ws/src/autonomy_repo/install/autonomy_repo/share/autonomy_repo/cmake/autonomy_repoConfig.cmake
[0.822s] -- Installing: /home/ndelurgio/autonomy_ws/src/autonomy_repo/install/autonomy_repo/share/autonomy_repo/cmake/autonomy_repoConfig-version.cmake
[0.822s] -- Installing: /home/ndelurgio/autonomy_ws/src/autonomy_repo/install/autonomy_repo/share/autonomy_repo/package.xml
[0.823s] Invoked command in '/home/ndelurgio/autonomy_ws/src/autonomy_repo/build/autonomy_repo' returned '0': CMAKE_PREFIX_PATH=${CMAKE_PREFIX_PATH}:/opt/ros/humble /usr/bin/cmake --install /home/ndelurgio/autonomy_ws/src/autonomy_repo/build/autonomy_repo
