-- Found ament_cmake: 1.3.5 (/opt/ros/humble/share/ament_cmake/cmake)
-- Override CMake install command with custom implementation using symlinks instead of copying resources
-- Found ament_lint_auto: 0.12.8 (/opt/ros/humble/share/ament_lint_auto/cmake)
-- Added test 'cppcheck' to perform static code analysis on C / C++ code
-- Configured cppcheck include dirs: 
-- Configured cppcheck exclude dirs and/or files: 
-- Added test 'flake8' to check Python code syntax and style conventions
-- Added test 'lint_cmake' to check CMake code style
-- Added test 'pep257' to check Python code against some of the docstring style conventions in PEP 257
-- Added test 'uncrustify' to check C / C++ code style
-- Configured uncrustify additional arguments: 
-- Added test 'xmllint' to check XML markup files
-- Configuring done
-- Generating done
[33mCMake Warning:
  Manually-specified variables were not used by the project:

    CMAKE_EXPORT_COMPILE_COMMANDS

[0m
-- Build files have been written to: /home/ndelurgio/autonomy_ws/src/autonomy_repo/build/autonomy_repo
-- Install configuration: "RelWithDebInfo"
-- Execute custom install script
-- Symlinking: /home/ndelurgio/autonomy_ws/src/autonomy_repo/install/autonomy_repo/lib/autonomy_repo/heading_controller.py
-- Symlinking: /home/ndelurgio/autonomy_ws/src/autonomy_repo/install/autonomy_repo/lib/autonomy_repo/p3_plot.py
-- Symlinking: /home/ndelurgio/autonomy_ws/src/autonomy_repo/install/autonomy_repo/lib/autonomy_repo/navigator.py
-- Symlinking: /home/ndelurgio/autonomy_ws/src/autonomy_repo/install/autonomy_repo/share/autonomy_repo/launch/heading_control.launch.py
-- Symlinking: /home/ndelurgio/autonomy_ws/src/autonomy_repo/install/autonomy_repo/share/autonomy_repo/launch/navigator.launch.py
-- Symlinking: /home/ndelurgio/autonomy_ws/src/autonomy_repo/install/autonomy_repo/share/autonomy_repo/rviz/default.rviz
-- Symlinking: /home/ndelurgio/autonomy_ws/src/autonomy_repo/install/autonomy_repo/share/ament_index/resource_index/package_run_dependencies/autonomy_repo
-- Symlinking: /home/ndelurgio/autonomy_ws/src/autonomy_repo/install/autonomy_repo/share/ament_index/resource_index/parent_prefix_path/autonomy_repo
-- Symlinking: /home/ndelurgio/autonomy_ws/src/autonomy_repo/install/autonomy_repo/share/autonomy_repo/environment/ament_prefix_path.sh
-- Symlinking: /home/ndelurgio/autonomy_ws/src/autonomy_repo/install/autonomy_repo/share/autonomy_repo/environment/ament_prefix_path.dsv
-- Symlinking: /home/ndelurgio/autonomy_ws/src/autonomy_repo/install/autonomy_repo/share/autonomy_repo/environment/path.sh
-- Symlinking: /home/ndelurgio/autonomy_ws/src/autonomy_repo/install/autonomy_repo/share/autonomy_repo/environment/path.dsv
-- Symlinking: /home/ndelurgio/autonomy_ws/src/autonomy_repo/install/autonomy_repo/share/autonomy_repo/local_setup.bash
-- Symlinking: /home/ndelurgio/autonomy_ws/src/autonomy_repo/install/autonomy_repo/share/autonomy_repo/local_setup.sh
-- Symlinking: /home/ndelurgio/autonomy_ws/src/autonomy_repo/install/autonomy_repo/share/autonomy_repo/local_setup.zsh
-- Symlinking: /home/ndelurgio/autonomy_ws/src/autonomy_repo/install/autonomy_repo/share/autonomy_repo/local_setup.dsv
-- Symlinking: /home/ndelurgio/autonomy_ws/src/autonomy_repo/install/autonomy_repo/share/autonomy_repo/package.dsv
-- Symlinking: /home/ndelurgio/autonomy_ws/src/autonomy_repo/install/autonomy_repo/share/ament_index/resource_index/packages/autonomy_repo
-- Symlinking: /home/ndelurgio/autonomy_ws/src/autonomy_repo/install/autonomy_repo/share/autonomy_repo/cmake/autonomy_repoConfig.cmake
-- Symlinking: /home/ndelurgio/autonomy_ws/src/autonomy_repo/install/autonomy_repo/share/autonomy_repo/cmake/autonomy_repoConfig-version.cmake
-- Symlinking: /home/ndelurgio/autonomy_ws/src/autonomy_repo/install/autonomy_repo/share/autonomy_repo/package.xml
